0 info it worked if it ends with ok
1 verbose cli [ '/usr/bin/node', '/usr/bin/npm', 'run', 'development' ]
2 info using npm@3.10.10
3 info using node@v6.12.3
4 verbose run-script [ 'predevelopment', 'development', 'postdevelopment' ]
5 info lifecycle @~predevelopment: @
6 silly lifecycle @~predevelopment: no script for predevelopment, continuing
7 info lifecycle @~development: @
8 verbose lifecycle @~development: unsafe-perm in lifecycle true
9 verbose lifecycle @~development: PATH: /usr/lib/node_modules/npm/bin/node-gyp-bin:/home/xinjiahui/Laravel/LearnLaravel/node_modules/.bin:/usr/lib/node_modules/npm/bin/node-gyp-bin:/home/xinjiahui/Laravel/LearnLaravel/node_modules/.bin:/root/.yarn/bin:/root/.config/yarn/global/node_modules/.bin:/usr/local/sbin:/usr/local/bin:/usr/sbin:/usr/bin:/root/bin
10 verbose lifecycle @~development: CWD: /home/xinjiahui/Laravel/LearnLaravel
11 silly lifecycle @~development: Args: [ '-c',
11 silly lifecycle   'cross-env NODE_ENV=development node_modules/webpack/bin/webpack.js --progress --hide-modules --config=node_modules/laravel-mix/setup/webpack.config.js' ]
12 silly lifecycle @~development: Returned: code: 2  signal: null
13 info lifecycle @~development: Failed to exec development script
14 verbose stack Error: @ development: `cross-env NODE_ENV=development node_modules/webpack/bin/webpack.js --progress --hide-modules --config=node_modules/laravel-mix/setup/webpack.config.js`
14 verbose stack Exit status 2
14 verbose stack     at EventEmitter.<anonymous> (/usr/lib/node_modules/npm/lib/utils/lifecycle.js:255:16)
14 verbose stack     at emitTwo (events.js:106:13)
14 verbose stack     at EventEmitter.emit (events.js:191:7)
14 verbose stack     at ChildProcess.<anonymous> (/usr/lib/node_modules/npm/lib/utils/spawn.js:40:14)
14 verbose stack     at emitTwo (events.js:106:13)
14 verbose stack     at ChildProcess.emit (events.js:191:7)
14 verbose stack     at maybeClose (internal/child_process.js:920:16)
14 verbose stack     at Process.ChildProcess._handle.onexit (internal/child_process.js:230:5)
15 verbose pkgid @
16 verbose cwd /home/xinjiahui/Laravel/LearnLaravel
17 error Linux 3.10.0-693.2.2.el7.x86_64
18 error argv "/usr/bin/node" "/usr/bin/npm" "run" "development"
19 error node v6.12.3
20 error npm  v3.10.10
21 error code ELIFECYCLE
22 error @ development: `cross-env NODE_ENV=development node_modules/webpack/bin/webpack.js --progress --hide-modules --config=node_modules/laravel-mix/setup/webpack.config.js`
22 error Exit status 2
23 error Failed at the @ development script 'cross-env NODE_ENV=development node_modules/webpack/bin/webpack.js --progress --hide-modules --config=node_modules/laravel-mix/setup/webpack.config.js'.
23 error Make sure you have the latest version of node.js and npm installed.
23 error If you do, this is most likely a problem with the  package,
23 error not with npm itself.
23 error Tell the author that this fails on your system:
23 error     cross-env NODE_ENV=development node_modules/webpack/bin/webpack.js --progress --hide-modules --config=node_modules/laravel-mix/setup/webpack.config.js
23 error You can get information on how to open an issue for this project with:
23 error     npm bugs
23 error Or if that isn't available, you can get their info via:
23 error     npm owner ls
23 error There is likely additional logging output above.
24 verbose exit [ 1, true ]
